#
# A fatal error has been detected by the Java Runtime Environment:
#
#  SIGSEGV (0xb) at pc=0x01ce6399, pid=12956, tid=2086734704
#
# JRE version: 6.0_20-b20
# Java VM: OpenJDK Server VM (19.0-b09 mixed mode linux-x86 )
# Derivative: IcedTea6 1.9.13
# Distribution: Ubuntu 10.10, package 6b20-1.9.13-0ubuntu1~10.10.1
# Problematic frame:
# C  [libXnVFeatures_1_5_2.so+0x1fd399]
#
# If you would like to submit a bug report, please include
# instructions how to reproduce the bug and visit:
#   https://bugs.launchpad.net/ubuntu/+source/openjdk-6/
# The crash happened outside the Java Virtual Machine in native code.
# See problematic frame for where to report the bug.
#

---------------  T H R E A D  ---------------

Current thread (0x7c9f4c00):  JavaThread "AWT-EventQueue-0" [_thread_in_native, id=12993, stack(0x7c5c0000,0x7c611000)]

siginfo:si_signo=SIGSEGV: si_errno=0, si_code=1 (SEGV_MAPERR), si_addr=0x00000000

Registers:
EAX=0x00000000, EBX=0x01f0bff4, ECX=0x7c60f008, EDX=0x00000000
ESP=0x7c60efe0, EBP=0x7c60f180, ESI=0x01f11720, EDI=0x00000000
EIP=0x01ce6399, CR2=0x00000000, EFLAGS=0x00210202

Register to memory mapping:

EAX=0x00000000
0x00000000 is pointing to unknown location

EBX=0x01f0bff4
0x01f0bff4: <offset 0x422ff4> in /usr/lib/libXnVFeatures_1_5_2.so at 0x01ae9000

ECX=0x7c60f008
0x7c60f008 is pointing into the stack for thread: 0x7c9f4c00
"AWT-EventQueue-0" prio=10 tid=0x7c9f4c00 nid=0x32c1 runnable [0x7c60f000]
