#
# A fatal error has been detected by the Java Runtime Environment:
#
#  SIGSEGV (0xb) at pc=0x04da6399, pid=7874, tid=2085616496
#
# JRE version: 6.0_20-b20
# Java VM: OpenJDK Server VM (19.0-b09 mixed mode linux-x86 )
# Derivative: IcedTea6 1.9.13
# Distribution: Ubuntu 10.10, package 6b20-1.9.13-0ubuntu1~10.10.1
# Problematic frame:
# C  [libXnVFeatures_1_5_2.so+0x1fd399]
#
# If you would like to submit a bug report, please include
# instructions how to reproduce the bug and visit:
#   https://bugs.launchpad.net/ubuntu/+source/openjdk-6/
# The crash happened outside the Java Virtual Machine in native code.
# See problematic frame for where to report the bug.
#

---------------  T H R E A D  ---------------

Current thread (0x7c998800):  JavaThread "AWT-EventQueue-0" [_thread_in_native, id=7908, stack(0x7c4af000,0x7c500000)]

siginfo:si_signo=SIGSEGV: si_errno=0, si_code=1 (SEGV_MAPERR), si_addr=0x00000000

Registers:
EAX=0x00000000, EBX=0x04fcbff4, ECX=0x7c4fe308, EDX=0x00000000
ESP=0x7c4fe2e0, EBP=0x7c4fe480, ESI=0x04fd1720, EDI=0x00000000
EIP=0x04da6399, CR2=0x00000000, EFLAGS=0x00210202

Register to memory mapping:

EAX=0x00000000
0x00000000 is pointing to unknown location

EBX=0x04fcbff4
0x04fcbff4: <offset 0x422ff4> in /usr/lib/libXnVFeatures_1_5_2.so at 0x04ba9000

ECX=0x7c4fe308
0x7c4fe308 is pointing into the stack for thread: 0x7c998800
"AWT-EventQueue-0" prio=10 tid=0x7c998800 nid=0x1ee4 runnable [0x7c4fe000]
   java.lang.Thread.State: RUNNABLE

EDX=0x00000000
0x00000000 is pointing to unknown location

ESP=0x7c4fe2e0
0x7c4fe2e0 is pointing into the stack for thread: 0x7c998800
"AWT-EventQueue-0" prio=10 tid=0x7c998800 nid=0x1ee4 runnable [0x7c4fe000]
   java.lang.Thread.State: RUNNABLE

EBP=0x7c4fe480
0x7c4fe480 is pointing into the stack for thread: 0x7c998800
"AWT-EventQueue-0" prio=10 tid=0x7c998800 nid=0x1ee4 runnable [0x7c4fe000]
   java.lang.Thread.State: RUNNABLE

ESI=0x04fd1720
0x04fd1720: <offset 0x428720> in /usr/lib/libXnVFeatures_1_5_2.so at 0x04ba9000

EDI=0x00000000
0x00000000 is pointing to unknown location


Top of Stack: (sp=0x7c4fe2e0)
0x7c4fe2e0:   7c4fe308 00000000 00000007 0001bff4
0x7c4fe2f0:   00000000 7c328a00 4fc6a1af 0f2f7835
0x7c4fe300:   007e61c0 ffffffff 4fc6a1cf 12e96113
0x7c4fe310:   00000007 0028623f 006e5ff4 006e5ff4
0x7c4fe320:   77e1f008 00000000 7c4fe348 006be974
0x7c4fe330:   4fc6a1af 03b9e8de 00000001 04fcbff4
0x7c4fe340:   77e1f008 00000000 7c4fe480 04c0ed39
0x7c4fe350:   04fd1720 006e5ff4 7c4fe398 006b643c 

Instructions: (pc=0x04da6399)
0x04da6389:   24 70 e8 e7 86 e2 ff 81 c3 64 5c 22 00 8b 46 18
0x04da6399:   8b 00 89 04 24 e8 1d d7 e1 ff 39 86 6c aa 00 00 

Stack: [0x7c4af000,0x7c500000],  sp=0x7c4fe2e0,  free space=316k
Native frames: (J=compiled Java code, j=interpreted, Vv=VM code, C=native code)
C  [libXnVFeatures_1_5_2.so+0x1fd399]

Java frames: (J=compiled Java code, j=interpreted, Vv=VM code)
j  org.OpenNI.NativeMethods.xnWaitAnyUpdateAll(J)I+0
j  org.OpenNI.Context.waitAnyUpdateAll()V+4
j  UniOpenNIDevice.updateAll()V+4
J  UniOpenNIDevice.getSensorPacket()[B
j  Sensor.getSensorSnapshot()LSensorSnapshot;+4
j  UserTracker.updateJoints()V+5
j  UserTrackerApplication.run()V+7
j  GestureRecognizer.getJContentPane()Ljavax/swing/JPanel;+85
j  GestureRecognizer.initialize()V+12
j  GestureRecognizer.<init>()V+25
j  GestureRecognizer$3.run()V+4
j  java.awt.event.InvocationEvent.dispatch()V+47
j  java.awt.EventQueue.dispatchEventImpl(Ljava/awt/AWTEvent;Ljava/lang/Object;)V+21
j  java.awt.EventQueue.access$000(Ljava/awt/EventQueue;Ljava/awt/AWTEvent;Ljava/lang/Object;)V+3
j  java.awt.EventQueue$1.run()Ljava/lang/Void;+12
j  java.awt.EventQueue$1.run()Ljava/lang/Object;+1
v  ~StubRoutines::call_stub
j  java.security.AccessController.doPrivileged(Ljava/security/PrivilegedAction;Ljava/security/AccessControlContext;)Ljava/lang/Object;+0
j  java.security.AccessControlContext$1.doIntersectionPrivilege(Ljava/security/PrivilegedAction;Ljava/security/AccessControlContext;Ljava/security/AccessControlContext;)Ljava/lang/Object;+28
j  java.awt.EventQueue.dispatchEvent(Ljava/awt/AWTEvent;)V+46
j  java.awt.EventDispatchThread.pumpOneEventForFilters(I)Z+192
j  java.awt.EventDispatchThread.pumpEventsForFilter(ILjava/awt/Conditional;Ljava/awt/EventFilter;)V+30
j  java.awt.EventDispatchThread.pumpEventsForHierarchy(ILjava/awt/Conditional;Ljava/awt/Component;)V+11
j  java.awt.EventDispatchThread.pumpEvents(ILjava/awt/Conditional;)V+4
j  java.awt.EventDispatchThread.pumpEvents(Ljava/awt/Conditional;)V+3
j  java.awt.EventDispatchThread.run()V+9
v  ~StubRoutines::call_stub

---------------  P R O C E S S  ---------------

Java Threads: ( => current thread )
  0x7c999800 JavaThread "DestroyJavaVM" [_thread_blocked, id=7880, stack(0xb76c0000,0xb7711000)]
=>0x7c998800 JavaThread "AWT-EventQueue-0" [_thread_in_native, id=7908, stack(0x7c4af000,0x7c500000)]
  0x7c997000 JavaThread "AWT-Shutdown" [_thread_blocked, id=7907, stack(0x7c551000,0x7c5a2000)]
  0x7c983400 JavaThread "AWT-XAWT" daemon [_thread_in_native, id=7901, stack(0x7c5a5000,0x7c5f6000)]
  0x7c92ec00 JavaThread "Java2D Disposer" daemon [_thread_blocked, id=7900, stack(0x7c68a000,0x7c6db000)]
  0x08522800 JavaThread "Low Memory Detector" daemon [_thread_blocked, id=7898, stack(0x7c75c000,0x7c7ad000)]
  0x0851f400 JavaThread "CompilerThread1" daemon [_thread_blocked, id=7897, stack(0x7c7ad000,0x7c82e000)]
  0x0851d800 JavaThread "CompilerThread0" daemon [_thread_blocked, id=7896, stack(0x7c82e000,0x7c8af000)]
  0x08518800 JavaThread "JDWP Event Helper Thread" daemon [_thread_blocked, id=7891, stack(0x7ca28000,0x7ca79000)]
  0x08515c00 JavaThread "JDWP Transport Listener: dt_socket" daemon [_thread_in_native, id=7889, stack(0x7ca79000,0x7caca000)]
  0x0850e000 JavaThread "Signal Dispatcher" daemon [_thread_blocked, id=7887, stack(0x7caca000,0x7cb1b000)]
  0x084fbc00 JavaThread "Finalizer" daemon [_thread_blocked, id=7885, stack(0x7cb1b000,0x7cb6c000)]
  0x084fa400 JavaThread "Reference Handler" daemon [_thread_blocked, id=7884, stack(0x7cb6c000,0x7cbbd000)]

Other Threads:
  0x084f6800 VMThread [stack: 0x7cbbd000,0x7cc3e000] [id=7883]
  0x08524400 WatcherThread [stack: 0x7c6db000,0x7c75c000] [id=7899]

VM state:not at safepoint (normal execution)

VM Mutex/Monitor currently owned by a thread: None

Heap
 PSYoungGen      total 5888K, used 5461K [0xa48b0000, 0xa4f40000, 0xb4400000)
  eden space 5184K, 92% used [0xa48b0000,0xa4d63660,0xa4dc0000)
  from space 704K, 92% used [0xa4dd0000,0xa4e72048,0xa4e80000)
  to   space 768K, 0% used [0xa4e80000,0xa4e80000,0xa4f40000)
 PSOldGen        total 32192K, used 6012K [0x85200000, 0x87170000, 0xa48b0000)
  object space 32192K, 18% used [0x85200000,0x857df128,0x87170000)
 PSPermGen       total 16384K, used 7368K [0x7d200000, 0x7e200000, 0x85200000)
  object space 16384K, 44% used [0x7d200000,0x7d9321e0,0x7e200000)

Dynamic libraries:
00110000-00123000 r-xp 00000000 08:01 2363357    /lib/libnsl-2.12.1.so
00123000-00124000 r--p 00012000 08:01 2363357    /lib/libnsl-2.12.1.so
00124000-00125000 rw-p 00013000 08:01 2363357    /lib/libnsl-2.12.1.so
00125000-00127000 rw-p 00000000 00:00 0 
00127000-0012d000 r-xp 00000000 08:01 1184430    /usr/lib/jvm/java-6-openjdk/jre/lib/i386/native_threads/libhpi.so
0012d000-0012e000 r--p 00005000 08:01 1184430    /usr/lib/jvm/java-6-openjdk/jre/lib/i386/native_threads/libhpi.so
0012e000-0012f000 rw-p 00006000 08:01 1184430    /usr/lib/jvm/java-6-openjdk/jre/lib/i386/native_threads/libhpi.so
0012f000-00165000 r-xp 00000000 08:01 1184443    /usr/lib/jvm/java-6-openjdk/jre/lib/i386/libjdwp.so
00165000-00166000 r--p 00035000 08:01 1184443    /usr/lib/jvm/java-6-openjdk/jre/lib/i386/libjdwp.so
00166000-00167000 rw-p 00036000 08:01 1184443    /usr/lib/jvm/java-6-openjdk/jre/lib/i386/libjdwp.so
00167000-0016d000 r-xp 00000000 08:01 2363364    /lib/libnss_compat-2.12.1.so
0016d000-0016e000 r--p 00006000 08:01 2363364    /lib/libnss_compat-2.12.1.so
0016e000-0016f000 rw-p 00007000 08:01 2363364    /lib/libnss_compat-2.12.1.so
00172000-002c9000 r-xp 00000000 08:01 2363366    /lib/libc-2.12.1.so
002c9000-002cb000 r--p 00157000 08:01 2363366    /lib/libc-2.12.1.so
002cb000-002cc000 rw-p 00159000 08:01 2363366    /lib/libc-2.12.1.so
002cc000-002cf000 rw-p 00000000 00:00 0 
002cf000-002d8000 r-xp 00000000 08:01 2363354    /lib/libnss_nis-2.12.1.so
002d8000-002d9000 r--p 00008000 08:01 2363354    /lib/libnss_nis-2.12.1.so
002d9000-002da000 rw-p 00009000 08:01 2363354    /lib/libnss_nis-2.12.1.so
002da000-0035d000 r-xp 00000000 08:01 1184417    /usr/lib/jvm/java-6-openjdk/jre/lib/i386/libawt.so
0035d000-0035e000 r--p 00082000 08:01 1184417    /usr/lib/jvm/java-6-openjdk/jre/lib/i386/libawt.so
0035e000-00364000 rw-p 00083000 08:01 1184417    /usr/lib/jvm/java-6-openjdk/jre/lib/i386/libawt.so
00364000-00389000 rw-p 00000000 00:00 0 
00389000-0038d000 r-xp 00000000 08:01 526415     /usr/lib/libXtst.so.6.1.0
0038d000-0038e000 r--p 00003000 08:01 526415     /usr/lib/libXtst.so.6.1.0
0038e000-0038f000 rw-p 00004000 08:01 526415     /usr/lib/libXtst.so.6.1.0
0038f000-003a2000 r-xp 00000000 08:01 2359370    /lib/libz.so.1.2.3.4
003a2000-003a3000 r--p 00012000 08:01 2359370    /lib/libz.so.1.2.3.4
003a3000-003a4000 rw-p 00013000 08:01 2359370    /lib/libz.so.1.2.3.4
003a4000-003e7000 r-xp 00000000 08:01 1184503    /usr/lib/jvm/java-6-openjdk/jre/lib/i386/xawt/libmawt.so
003e7000-003e8000 r--p 00042000 08:01 1184503    /usr/lib/jvm/java-6-openjdk/jre/lib/i386/xawt/libmawt.so
003e8000-003ea000 rw-p 00043000 08:01 1184503    /usr/lib/jvm/java-6-openjdk/jre/lib/i386/xawt/libmawt.so
003ea000-003eb000 rw-p 00000000 00:00 0 
003eb000-003ef000 r-xp 00000000 08:01 526311     /usr/lib/libXfixes.so.3.1.0
003ef000-003f0000 r--p 00003000 08:01 526311     /usr/lib/libXfixes.so.3.1.0
003f0000-003f1000 rw-p 00004000 08:01 526311     /usr/lib/libXfixes.so.3.1.0
003f4000-00410000 r-xp 00000000 08:01 2359430    /lib/ld-2.12.1.so
00410000-00411000 r--p 0001b000 08:01 2359430    /lib/ld-2.12.1.so
00411000-00412000 rw-p 0001c000 08:01 2359430    /lib/ld-2.12.1.so
00412000-0041a000 r-xp 00000000 08:01 528151     /usr/lib/libXrender.so.1.3.0
0041a000-0041b000 r--p 00007000 08:01 528151     /usr/lib/libXrender.so.1.3.0
0041b000-0041c000 rw-p 00008000 08:01 528151     /usr/lib/libXrender.so.1.3.0
0041c000-00434000 r-xp 00000000 08:01 530714     /usr/lib/libxcb.so.1.1.0
00434000-00435000 r--p 00017000 08:01 530714     /usr/lib/libxcb.so.1.1.0
00435000-00436000 rw-p 00018000 08:01 530714     /usr/lib/libxcb.so.1.1.0
00436000-00450000 r-xp 00000000 08:01 2359473    /lib/libgcc_s.so.1
00450000-00451000 r--p 00019000 08:01 2359473    /lib/libgcc_s.so.1
00451000-00452000 rw-p 0001a000 08:01 2359473    /lib/libgcc_s.so.1
00452000-0045d000 r-xp 00000000 08:01 2359326    /lib/libusb-1.0.so.0.0.0
0045d000-0045e000 r--p 0000a000 08:01 2359326    /lib/libusb-1.0.so.0.0.0
0045e000-0045f000 rw-p 0000b000 08:01 2359326    /lib/libusb-1.0.so.0.0.0
0045f000-00462000 r-xp 00000000 08:01 535342     /usr/lib/libXnCore.so
00462000-00463000 r--p 00002000 08:01 535342     /usr/lib/libXnCore.so
00463000-00464000 rw-p 00003000 08:01 535342     /usr/lib/libXnCore.so
0046d000-00474000 r-xp 00000000 08:01 2363350    /lib/librt-2.12.1.so
00474000-00475000 r--p 00006000 08:01 2363350    /lib/librt-2.12.1.so
00475000-00476000 rw-p 00007000 08:01 2363350    /lib/librt-2.12.1.so
00476000-004a7000 r-xp 00000000 08:01 535335     /usr/lib/libnimMockNodes.so
004a7000-004ae000 r--p 00030000 08:01 535335     /usr/lib/libnimMockNodes.so
004ae000-004af000 rw-p 00037000 08:01 535335     /usr/lib/libnimMockNodes.so
004bb000-004c9000 r-xp 00000000 08:01 526307     /usr/lib/libXext.so.6.4.0
004c9000-004ca000 r--p 0000d000 08:01 526307     /usr/lib/libXext.so.6.4.0
004ca000-004cb000 rw-p 0000e000 08:01 526307     /usr/lib/libXext.so.6.4.0
004cb000-005e4000 r-xp 00000000 08:01 530729     /usr/lib/libX11.so.6.3.0
005e4000-005e5000 r--p 00118000 08:01 530729     /usr/lib/libX11.so.6.3.0
005e5000-005e7000 rw-p 00119000 08:01 530729     /usr/lib/libX11.so.6.3.0
005e7000-005e8000 rw-p 00000000 00:00 0 
005e8000-0061c000 r-xp 00000000 08:01 535334     /usr/lib/libnimCodecs.so
0061c000-0061d000 ---p 00034000 08:01 535334     /usr/lib/libnimCodecs.so
0061d000-0061f000 r--p 00034000 08:01 535334     /usr/lib/libnimCodecs.so
0061f000-00620000 rw-p 00036000 08:01 535334     /usr/lib/libnimCodecs.so
00620000-00640000 rw-p 00000000 00:00 0 
00665000-006e3000 r-xp 00000000 08:01 535338     /usr/lib/libOpenNI.so
006e3000-006e4000 ---p 0007e000 08:01 535338     /usr/lib/libOpenNI.so
006e4000-006e6000 r--p 0007e000 08:01 535338     /usr/lib/libOpenNI.so
006e6000-006e8000 rw-p 00080000 08:01 535338     /usr/lib/libOpenNI.so
006e8000-0070b000 r-xp 00000000 08:01 535336     /usr/lib/libnimRecorder.so
0070b000-0070c000 ---p 00023000 08:01 535336     /usr/lib/libnimRecorder.so
0070c000-0070d000 r--p 00023000 08:01 535336     /usr/lib/libnimRecorder.so
0070d000-0070e000 rw-p 00024000 08:01 535336     /usr/lib/libnimRecorder.so
0070e000-0073b000 r-xp 00000000 08:01 535344     /usr/lib/libXnDeviceFile.so
0073b000-0073c000 r--p 0002d000 08:01 535344     /usr/lib/libXnDeviceFile.so
0073c000-0073d000 rw-p 0002e000 08:01 535344     /usr/lib/libXnDeviceFile.so
00746000-00751000 r-xp 00000000 08:01 1184437    /usr/lib/jvm/java-6-openjdk/jre/lib/i386/libverify.so
00751000-00752000 ---p 0000b000 08:01 1184437    /usr/lib/jvm/java-6-openjdk/jre/lib/i386/libverify.so
00752000-00753000 r--p 0000b000 08:01 1184437    /usr/lib/jvm/java-6-openjdk/jre/lib/i386/libverify.so
00753000-00754000 rw-p 0000c000 08:01 1184437    /usr/lib/jvm/java-6-openjdk/jre/lib/i386/libverify.so
00754000-007e1000 r-xp 00000000 08:01 535345     /usr/lib/libXnDeviceSensorV2KM.so
007e1000-007ea000 r--p 0008c000 08:01 535345     /usr/lib/libXnDeviceSensorV2KM.so
007ea000-007eb000 rw-p 00095000 08:01 535345     /usr/lib/libXnDeviceSensorV2KM.so
007f2000-007f5000 r-xp 00000000 08:01 1184422    /usr/lib/jvm/java-6-openjdk/jre/lib/i386/jli/libjli.so
007f5000-007f6000 r--p 00002000 08:01 1184422    /usr/lib/jvm/java-6-openjdk/jre/lib/i386/jli/libjli.so
007f6000-007f7000 rw-p 00003000 08:01 1184422    /usr/lib/jvm/java-6-openjdk/jre/lib/i386/jli/libjli.so
007f7000-0081a000 r-xp 00000000 08:01 535346     /usr/lib/libXnFormats.so
0081a000-0081b000 r--p 00022000 08:01 535346     /usr/lib/libXnFormats.so
0081b000-0081c000 rw-p 00023000 08:01 535346     /usr/lib/libXnFormats.so
0081c000-0083c000 rw-p 00000000 00:00 0 
0083c000-00890000 r-xp 00000000 08:01 535343     /usr/lib/libXnDDK.so
00890000-00892000 r--p 00053000 08:01 535343     /usr/lib/libXnDDK.so
00892000-00893000 rw-p 00055000 08:01 535343     /usr/lib/libXnDDK.so
008b6000-00928000 r-xp 00000000 08:01 524773     /usr/lib/libfreetype.so.6.6.0
00928000-0092c000 r--p 00071000 08:01 524773     /usr/lib/libfreetype.so.6.6.0
0092c000-0092d000 rw-p 00075000 08:01 524773     /usr/lib/libfreetype.so.6.6.0
00989000-009ad000 r-xp 00000000 08:01 2363362    /lib/libm-2.12.1.so
009ad000-009ae000 r--p 00023000 08:01 2363362    /lib/libm-2.12.1.so
009ae000-009af000 rw-p 00024000 08:01 2363362    /lib/libm-2.12.1.so
009bf000-009c1000 r-xp 00000000 08:01 524972     /usr/lib/libXau.so.6.0.0
009c1000-009c2000 r--p 00001000 08:01 524972     /usr/lib/libXau.so.6.0.0
009c2000-009c3000 rw-p 00002000 08:01 524972     /usr/lib/libXau.so.6.0.0
009e5000-009ef000 r-xp 00000000 08:01 2359470    /lib/libnss_files-2.12.1.so
009ef000-009f0000 r--p 00009000 08:01 2359470    /lib/libnss_files-2.12.1.so
009f0000-009f1000 rw-p 0000a000 08:01 2359470    /lib/libnss_files-2.12.1.so
00a62000-00a6e000 r-xp 00000000 08:01 526319     /usr/lib/libXi.so.6.1.0
00a6e000-00a6f000 r--p 0000b000 08:01 526319     /usr/lib/libXi.so.6.1.0
00a6f000-00a70000 rw-p 0000c000 08:01 526319     /usr/lib/libXi.so.6.1.0
00aaa000-00abf000 r-xp 00000000 08:01 2363368    /lib/libpthread-2.12.1.so
00abf000-00ac0000 ---p 00015000 08:01 2363368    /lib/libpthread-2.12.1.so
00ac0000-00ac1000 r--p 00015000 08:01 2363368    /lib/libpthread-2.12.1.so
00ac1000-00ac2000 rw-p 00016000 08:01 2363368    /lib/libpthread-2.12.1.so
00ac2000-00ac4000 rw-p 00000000 00:00 0 
00b24000-00b27000 r-xp 00000000 08:01 1184413    /usr/lib/jvm/java-6-openjdk/jre/lib/i386/libnpt.so
00b27000-00b28000 r--p 00002000 08:01 1184413    /usr/lib/jvm/java-6-openjdk/jre/lib/i386/libnpt.so
00b28000-00b29000 rw-p 00003000 08:01 1184413    /usr/lib/jvm/java-6-openjdk/jre/lib/i386/libnpt.so
00b4d000-00b6f000 r-xp 00000000 08:01 1184414    /usr/lib/jvm/java-6-openjdk/jre/lib/i386/libjava.so
00b6f000-00b70000 r--p 00021000 08:01 1184414    /usr/lib/jvm/java-6-openjdk/jre/lib/i386/libjava.so
00b70000-00b72000 rw-p 00022000 08:01 1184414    /usr/lib/jvm/java-6-openjdk/jre/lib/i386/libjava.so
00b79000-00b7d000 r-xp 00000000 08:01 530710     /usr/lib/libXdmcp.so.6.0.0
00b7d000-00b7e000 r--p 00003000 08:01 530710     /usr/lib/libXdmcp.so.6.0.0
00b7e000-00b7f000 rw-p 00004000 08:01 530710     /usr/lib/libXdmcp.so.6.0.0
00b9f000-00ba2000 r-xp 00000000 08:01 1184442    /usr/lib/jvm/java-6-openjdk/jre/lib/i386/libdt_socket.so
00ba2000-00ba3000 r--p 00002000 08:01 1184442    /usr/lib/jvm/java-6-openjdk/jre/lib/i386/libdt_socket.so
00ba3000-00ba4000 rw-p 00003000 08:01 1184442    /usr/lib/jvm/java-6-openjdk/jre/lib/i386/libdt_socket.so
00bb5000-00bbb000 r-xp 00000000 08:01 1184419    /usr/lib/jvm/java-6-openjdk/jre/lib/i386/libzip.so
00bbb000-00bbc000 r--p 00005000 08:01 1184419    /usr/lib/jvm/java-6-openjdk/jre/lib/i386/libzip.so
00bbc000-00bbd000 rw-p 00006000 08:01 1184419    /usr/lib/jvm/java-6-openjdk/jre/lib/i386/libzip.so
00bd8000-00bf7000 r-xp 00000000 08:01 535337     /usr/lib/libOpenNI.jni.so
00bf7000-00bf8000 r--p 0001e000 08:01 535337     /usr/lib/libOpenNI.jni.so
00bf8000-00bfa000 rw-p 0001f000 08:01 535337     /usr/lib/libOpenNI.jni.so
00c23000-00c25000 r-xp 00000000 08:01 2363346    /lib/libdl-2.12.1.so
00c25000-00c26000 r--p 00001000 08:01 2363346    /lib/libdl-2.12.1.so
00c26000-00c27000 rw-p 00002000 08:01 2363346    /lib/libdl-2.12.1.so
00ca5000-00ce9000 r-xp 00000000 08:01 1184447    /usr/lib/jvm/java-6-openjdk/jre/lib/i386/libfontmanager.so
00ce9000-00ceb000 r--p 00043000 08:01 1184447    /usr/lib/jvm/java-6-openjdk/jre/lib/i386/libfontmanager.so
00ceb000-00cec000 rw-p 00045000 08:01 1184447    /usr/lib/jvm/java-6-openjdk/jre/lib/i386/libfontmanager.so
00cec000-00cf1000 rw-p 00000000 00:00 0 
00d37000-00d3f000 r-xp 00000000 08:01 526315     /usr/lib/libXcursor.so.1.0.2
00d3f000-00d40000 r--p 00007000 08:01 526315     /usr/lib/libXcursor.so.1.0.2
00d40000-00d41000 rw-p 00008000 08:01 526315     /usr/lib/libXcursor.so.1.0.2
00d64000-00d65000 r-xp 00000000 00:00 0          [vdso]
00d65000-0142a000 r-xp 00000000 08:01 1184429    /usr/lib/jvm/java-6-openjdk/jre/lib/i386/server/libjvm.so
0142a000-0146f000 r--p 006c4000 08:01 1184429    /usr/lib/jvm/java-6-openjdk/jre/lib/i386/server/libjvm.so
0146f000-0147e000 rw-p 00709000 08:01 1184429    /usr/lib/jvm/java-6-openjdk/jre/lib/i386/server/libjvm.so
0147e000-0189d000 rw-p 00000000 00:00 0 
0189d000-01a84000 r-xp 00000000 08:01 524414     /usr/lib/libXnVFeatures_1_4_1.so
01a84000-01a87000 r--p 001e6000 08:01 524414     /usr/lib/libXnVFeatures_1_4_1.so
01a87000-01a88000 rw-p 001e9000 08:01 524414     /usr/lib/libXnVFeatures_1_4_1.so
01a88000-01a8d000 rw-p 00000000 00:00 0 
01a8d000-01b6b000 r-xp 00000000 08:01 524450     /usr/lib/libXnVHandGenerator_1_3_1.so
01b6b000-01b6e000 r--p 000dd000 08:01 524450     /usr/lib/libXnVHandGenerator_1_3_1.so
01b6e000-01b6f000 rw-p 000e0000 08:01 524450     /usr/lib/libXnVHandGenerator_1_3_1.so
01b6f000-01b71000 rw-p 00000000 00:00 0 
01b71000-01c45000 r-xp 00000000 08:01 524453     /usr/lib/libXnVHandGenerator_1_4_1.so
01c45000-01c46000 ---p 000d4000 08:01 524453     /usr/lib/libXnVHandGenerator_1_4_1.so
01c46000-01c48000 r--p 000d4000 08:01 524453     /usr/lib/libXnVHandGenerator_1_4_1.so
01c48000-01c49000 rw-p 000d6000 08:01 524453     /usr/lib/libXnVHandGenerator_1_4_1.so
01c49000-01c4b000 rw-p 00000000 00:00 0 
01e55000-02073000 r-xp 00000000 08:01 524412     /usr/lib/libXnVFeatures_1_3_1.so
02073000-02074000 ---p 0021e000 08:01 524412     /usr/lib/libXnVFeatures_1_3_1.so
02074000-02077000 r--p 0021e000 08:01 524412     /usr/lib/libXnVFeatures_1_3_1.so
02077000-02078000 rw-p 00221000 08:01 524412     /usr/lib/libXnVFeatures_1_3_1.so
02078000-0207d000 rw-p 00000000 00:00 0 
036f3000-036f4000 ---p 00000000 00:00 0 
036f4000-03ef4000 rwxp 00000000 00:00 0 
04159000-04238000 r-xp 00000000 08:01 525948     /usr/lib/libstdc++.so.6.0.14
04238000-0423c000 r--p 000de000 08:01 525948     /usr/lib/libstdc++.so.6.0.14
0423c000-0423d000 rw-p 000e2000 08:01 525948     /usr/lib/libstdc++.so.6.0.14
0423d000-04244000 rw-p 00000000 00:00 0 
04ba9000-04fc4000 r-xp 00000000 08:01 524417     /usr/lib/libXnVFeatures_1_5_2.so
04fc4000-04fcc000 r--p 0041a000 08:01 524417     /usr/lib/libXnVFeatures_1_5_2.so
04fcc000-04fcd000 rw-p 00422000 08:01 524417     /usr/lib/libXnVFeatures_1_5_2.so
04fcd000-04fe1000 rw-p 00000000 00:00 0 
06421000-064f6000 r-xp 00000000 08:01 524472     /usr/lib/libXnVHandGenerator_1_4_2.so
064f6000-064f7000 ---p 000d5000 08:01 524472     /usr/lib/libXnVHandGenerator_1_4_2.so
064f7000-064f9000 r--p 000d5000 08:01 524472     /usr/lib/libXnVHandGenerator_1_4_2.so
064f9000-064fa000 rw-p 000d7000 08:01 524472     /usr/lib/libXnVHandGenerator_1_4_2.so
064fa000-064fc000 rw-p 00000000 00:00 0 
08048000-08051000 r-xp 00000000 08:01 1184386    /usr/lib/jvm/java-6-openjdk/jre/bin/java
08051000-08052000 r--p 00008000 08:01 1184386    /usr/lib/jvm/java-6-openjdk/jre/bin/java
08052000-08053000 rw-p 00009000 08:01 1184386    /usr/lib/jvm/java-6-openjdk/jre/bin/java
08230000-08417000 r-xp 00000000 08:01 524416     /usr/lib/libXnVFeatures_1_4_2.so
08417000-0841a000 r--p 001e6000 08:01 524416     /usr/lib/libXnVFeatures_1_4_2.so
0841a000-0841b000 rw-p 001e9000 08:01 524416     /usr/lib/libXnVFeatures_1_4_2.so
0841b000-08420000 rw-p 00000000 00:00 0 
08469000-088a7000 rw-p 00000000 00:00 0          [heap]
63162000-6c539000 rw-p 00000000 00:00 0 
6c5d0000-6c668000 rw-p 00000000 00:00 0 
6c668000-6c700000 rw-p 00000000 00:00 0 
6c700000-6c782000 rw-p 00000000 00:00 0 
6c782000-6c800000 ---p 00000000 00:00 0 
6c900000-6cb00000 rw-p 00000000 00:00 0 
6cb00000-6cd00000 rw-p 00000000 00:00 0 
6cd00000-6cf00000 rw-p 00000000 00:00 0 
6cf00000-6cfff000 rw-p 00000000 00:00 0 
6cfff000-6d000000 ---p 00000000 00:00 0 
6d000000-6d0ff000 rw-p 00000000 00:00 0 
6d0ff000-6d100000 ---p 00000000 00:00 0 
6d100000-6d300000 rw-p 00000000 00:00 0 
6d300000-6d500000 rw-p 00000000 00:00 0 
6d500000-6d700000 rw-p 00000000 00:00 0 
6d700000-6d900000 rw-p 00000000 00:00 0 
6d900000-6db00000 rw-p 00000000 00:00 0 
6db00000-6dd00000 rw-p 00000000 00:00 0 
6dd00000-6df0